<?xml version="1.0" encoding="UTF-8"?>
<!-- Generated by org.testng.reporters.JUnitXMLReporter -->
<testsuite ignored="1" hostname="DESKTOP-V5VVE22" failures="0" tests="2" name="Test" time="143.209" errors="0" timestamp="2024-11-27T02:21:18 IST">
  <testcase classname="sameerakhtar.tests.ClashOfClansTest" name="ClashOfClans_LauchGameplay" time="71.488"/>
  <testcase classname="sameerakhtar.tests.HillClimbRacingTest" name="HillClimbRacing_LauchGameplay" time="56.53"/>
  <testcase classname="sameerakhtar.tests.StandAloneTest" name="appiumTest" time="0.0">
    <ignored/>
  </testcase> <!-- appiumTest -->
</testsuite> <!-- Test -->
