<?xml version="1.0" encoding="UTF-8"?>
<testng-results ignored="0" total="1" passed="1" failed="0" skipped="0">
  <reporter-output>
  </reporter-output>
  <suite started-at="2024-11-20T03:16:47 IST" name="Default suite" finished-at="2024-11-20T03:17:37 IST" duration-ms="50031">
    <groups>
    </groups>
    <test started-at="2024-11-20T03:16:47 IST" name="Default test" finished-at="2024-11-20T03:17:37 IST" duration-ms="50031">
      <class name="sameerakhtar.tests.ClashOfClansTest">
        <test-method is-config="true" signature="setup()[pri:0, instance:sameerakhtar.tests.ClashOfClansTest@606e4010]" started-at="2024-11-20T03:16:47 IST" name="setup" finished-at="2024-11-20T03:16:52 IST" duration-ms="5354" status="PASS">
          <reporter-output>
          </reporter-output>
        </test-method> <!-- setup -->
        <test-method signature="ClashOfClans_LauchGameplay()[pri:0, instance:sameerakhtar.tests.ClashOfClansTest@606e4010]" started-at="2024-11-20T03:16:52 IST" name="ClashOfClans_LauchGameplay" finished-at="2024-11-20T03:17:37 IST" duration-ms="44365" status="PASS">
          <reporter-output>
          </reporter-output>
        </test-method> <!-- ClashOfClans_LauchGameplay -->
        <test-method is-config="true" signature="tearDown()[pri:0, instance:sameerakhtar.tests.ClashOfClansTest@606e4010]" started-at="2024-11-20T03:17:37 IST" name="tearDown" finished-at="2024-11-20T03:17:37 IST" duration-ms="272" status="PASS">
          <reporter-output>
          </reporter-output>
        </test-method> <!-- tearDown -->
      </class> <!-- sameerakhtar.tests.ClashOfClansTest -->
    </test> <!-- Default test -->
  </suite> <!-- Default suite -->
</testng-results>
