<?xml version="1.0" encoding="UTF-8"?>
<testng-results ignored="0" total="1" passed="1" failed="0" skipped="0">
  <reporter-output>
  </reporter-output>
  <suite started-at="2024-11-29T05:58:01 IST" name="Default suite" finished-at="2024-11-29T05:59:23 IST" duration-ms="81946">
    <groups>
    </groups>
    <test started-at="2024-11-29T05:58:01 IST" name="Default test" finished-at="2024-11-29T05:59:23 IST" duration-ms="81946">
      <class name="sameerakhtar.tests.ClashOfClansTest">
        <test-method is-config="true" signature="setup()[pri:0, instance:sameerakhtar.tests.ClashOfClansTest@2767e23c]" started-at="2024-11-29T05:58:01 IST" name="setup" finished-at="2024-11-29T05:58:07 IST" duration-ms="5938" status="PASS">
          <reporter-output>
          </reporter-output>
        </test-method> <!-- setup -->
        <test-method signature="ClashOfClans_LauchGameplay()[pri:0, instance:sameerakhtar.tests.ClashOfClansTest@2767e23c]" started-at="2024-11-29T05:58:07 IST" name="ClashOfClans_LauchGameplay" finished-at="2024-11-29T05:59:23 IST" duration-ms="75678" status="PASS">
          <reporter-output>
          </reporter-output>
        </test-method> <!-- ClashOfClans_LauchGameplay -->
        <test-method is-config="true" signature="tearDown()[pri:0, instance:sameerakhtar.tests.ClashOfClansTest@2767e23c]" started-at="2024-11-29T05:59:23 IST" name="tearDown" finished-at="2024-11-29T05:59:23 IST" duration-ms="291" status="PASS">
          <reporter-output>
          </reporter-output>
        </test-method> <!-- tearDown -->
      </class> <!-- sameerakhtar.tests.ClashOfClansTest -->
    </test> <!-- Default test -->
  </suite> <!-- Default suite -->
</testng-results>
